{
  "RSpec": {
    "coverage": {
      "/Users/kbajorin/projects/NYC_DATA/app/controllers/application_controller.rb": [
        1,
        1,
        null
      ],
      "/Users/kbajorin/projects/NYC_DATA/app/helpers/application_helper.rb": [
        1,
        null
      ],
      "/Users/kbajorin/projects/NYC_DATA/app/helpers/neighborhoods_helper.rb": [
        1,
        null
      ],
      "/Users/kbajorin/projects/NYC_DATA/app/helpers/users_helper.rb": [
        1,
        null
      ],
      "/Users/kbajorin/projects/NYC_DATA/app/helpers/zipcodes_helper.rb": [
        1,
        null
      ],
      "/Users/kbajorin/projects/NYC_DATA/app/controllers/neighborhoods_controller.rb": [
        1,
        null
      ],
      "/Users/kbajorin/projects/NYC_DATA/app/models/neighborhood.rb": [
        1,
        1,
        null,
        1,
        1,
        1,
        1,
        1,
        1,
        null
      ],
      "/Users/kbajorin/projects/NYC_DATA/app/controllers/users_controller.rb": [
        1,
        null
      ],
      "/Users/kbajorin/projects/NYC_DATA/app/models/user.rb": [
        1,
        1,
        null,
        1,
        1,
        1,
        null
      ],
      "/Users/kbajorin/projects/NYC_DATA/app/controllers/zipcodes_controller.rb": [
        1,
        null,
        1,
        0,
        0,
        0,
        0,
        null,
        null,
        null,
        null,
        null,
        null,
        null,
        1,
        0,
        0,
        null,
        null,
        null
      ],
      "/Users/kbajorin/projects/NYC_DATA/app/models/zipcode.rb": [
        1,
        1,
        1,
        1,
        null,
        null,
        null,
        null,
        1,
        0,
        0,
        0,
        0,
        0,
        0,
        0,
        0,
        0,
        0,
        null,
        null,
        null,
        null,
        null,
        null,
        1,
        0,
        null,
        null
      ],
      "/Users/kbajorin/projects/NYC_DATA/app/models/comment.rb": [
        1,
        1,
        null,
        1,
        1,
        null
      ],
      "/Users/kbajorin/projects/NYC_DATA/app/models/complaint_datapoint.rb": [
        1,
        1,
        null,
        1,
        null
      ],
      "/Users/kbajorin/projects/NYC_DATA/app/models/event.rb": [
        1,
        1,
        null,
        1,
        1,
        null
      ],
      "/Users/kbajorin/projects/NYC_DATA/app/models/rating.rb": [
        1,
        1,
        null,
        1,
        1,
        null
      ]
    },
    "timestamp": 1368043387
  }
}
